Running Gradle task 'assembleDebug'...                          
warning: [options] source value 8 is obsolete and will be removed in a future release
warning: [options] target value 8 is obsolete and will be removed in a future release
warning: [options] To suppress warnings about obsolete options, use -Xlint:-options.
3 warnings
warning: [options] source value 8 is obsolete and will be removed in a future release
warning: [options] target value 8 is obsolete and will be removed in a future release
warning: [options] To suppress warnings about obsolete options, use -Xlint:-options.
3 warnings

FAILURE: Build failed with an exception.

* What went wrong:
Execution failed for task ':app:processDebugResources'.
> A failure occurred while executing com.android.build.gradle.internal.res.LinkApplicationAndroidResourcesTask$TaskAction
   > Android resource linking failed
     ERROR: C:\mad2\android\app\src\debug\AndroidManifest.xml:6:5-66: AAPT: error: unexpected element <uses-permission> found in <manifest><application>.

     ERROR: C:\mad2\build\app\intermediates\packaged_manifests\debug\processDebugManifestForPackage\AndroidManifest.xml:60: AAPT: error: unexpected element <uses-permission> found in <manifest><application>.

     ERROR: C:\mad2\build\app\intermediates\packaged_manifests\debug\processDebugManifestForPackage\AndroidManifest.xml:61: AAPT: error: unexpected element <uses-permission> found in <manifest><application>.

     ERROR: C:\mad2\build\app\intermediates\packaged_manifests\debug\processDebugManifestForPackage\AndroidManifest.xml:62: AAPT: error: unexpected element <uses-permission> found in <manifest><application>.


* Try:
> Run with --stacktrace option to get the stack trace.
> Run with --info or --debug option to get more log output.
> Run with --scan to get full insights.
> Get more help at https://help.gradle.org.

BUILD FAILED in 23s
Running Gradle task 'assembleDebug'...                             23.8s
Gradle task assembleDebug failed with exit code 1
